[04-Sep-2016 22:16:18 Asia/Chongqing] PHP Notice:  Undefined offset: 1 in /var/www/html/assets/php-lib/getID3Tags.php on line 7
[04-Sep-2016 22:16:19 Asia/Chongqing] PHP Warning:  Creating default object from empty value in /var/www/html/assets/php-lib/getID3Tags.php on line 20
[04-Sep-2016 22:16:19 Asia/Chongqing] PHP Notice:  Undefined offset: 1 in /var/www/html/assets/php-lib/getID3Tags.php on line 7
[04-Sep-2016 22:16:19 Asia/Chongqing] PHP Notice:  Undefined offset: 1 in /var/www/html/assets/php-lib/getID3Tags.php on line 7
[04-Sep-2016 22:16:19 Asia/Chongqing] PHP Notice:  Undefined offset: 1 in /var/www/html/assets/php-lib/getID3Tags.php on line 7
[04-Sep-2016 22:16:19 Asia/Chongqing] PHP Notice:  Undefined offset: 1 in /var/www/html/assets/php-lib/getID3Tags.php on line 7
[04-Sep-2016 22:16:19 Asia/Chongqing] PHP Notice:  Undefined offset: 1 in /var/www/html/assets/php-lib/getID3Tags.php on line 7
[04-Sep-2016 22:16:19 Asia/Chongqing] PHP Notice:  Undefined offset: 1 in /var/www/html/assets/php-lib/getID3Tags.php on line 7
[04-Sep-2016 22:16:19 Asia/Chongqing] PHP Notice:  Undefined property: stdClass::$cd in /var/www/html/assets/php-lib/phpID3.php on line 39
[04-Sep-2016 22:16:20 Asia/Chongqing] PHP Notice:  Undefined offset: 1 in /var/www/html/assets/php-lib/getID3Tags.php on line 7
[04-Sep-2016 22:16:20 Asia/Chongqing] PHP Warning:  Creating default object from empty value in /var/www/html/assets/php-lib/getID3Tags.php on line 20
[04-Sep-2016 22:16:20 Asia/Chongqing] PHP Notice:  Undefined offset: 1 in /var/www/html/assets/php-lib/getID3Tags.php on line 7
[04-Sep-2016 22:16:20 Asia/Chongqing] PHP Notice:  Undefined offset: 1 in /var/www/html/assets/php-lib/getID3Tags.php on line 7
[04-Sep-2016 22:16:20 Asia/Chongqing] PHP Notice:  Undefined offset: 1 in /var/www/html/assets/php-lib/getID3Tags.php on line 7
[04-Sep-2016 22:16:20 Asia/Chongqing] PHP Notice:  Undefined offset: 1 in /var/www/html/assets/php-lib/getID3Tags.php on line 7
[04-Sep-2016 22:16:20 Asia/Chongqing] PHP Notice:  Undefined offset: 1 in /var/www/html/assets/php-lib/getID3Tags.php on line 7
[04-Sep-2016 22:16:20 Asia/Chongqing] PHP Notice:  Undefined offset: 1 in /var/www/html/assets/php-lib/getID3Tags.php on line 7
[04-Sep-2016 22:16:20 Asia/Chongqing] PHP Notice:  Undefined property: stdClass::$cd in /var/www/html/assets/php-lib/phpID3.php on line 39
[04-Sep-2016 22:16:24 Asia/Chongqing] PHP Notice:  Undefined offset: 1 in /var/www/html/assets/php-lib/getID3Tags.php on line 7
[04-Sep-2016 22:16:24 Asia/Chongqing] PHP Warning:  Creating default object from empty value in /var/www/html/assets/php-lib/getID3Tags.php on line 20
[04-Sep-2016 22:16:24 Asia/Chongqing] PHP Notice:  Undefined offset: 1 in /var/www/html/assets/php-lib/getID3Tags.php on line 7
[04-Sep-2016 22:16:24 Asia/Chongqing] PHP Notice:  Undefined offset: 1 in /var/www/html/assets/php-lib/getID3Tags.php on line 7
[04-Sep-2016 22:16:24 Asia/Chongqing] PHP Notice:  Undefined offset: 1 in /var/www/html/assets/php-lib/getID3Tags.php on line 7
[04-Sep-2016 22:16:24 Asia/Chongqing] PHP Notice:  Undefined offset: 1 in /var/www/html/assets/php-lib/getID3Tags.php on line 7
[04-Sep-2016 22:16:24 Asia/Chongqing] PHP Notice:  Undefined offset: 1 in /var/www/html/assets/php-lib/getID3Tags.php on line 7
[04-Sep-2016 22:16:24 Asia/Chongqing] PHP Notice:  Undefined offset: 1 in /var/www/html/assets/php-lib/getID3Tags.php on line 7
[04-Sep-2016 22:16:24 Asia/Chongqing] PHP Notice:  Undefined property: stdClass::$cd in /var/www/html/assets/php-lib/phpID3.php on line 39
[04-Sep-2016 22:16:28 Asia/Chongqing] PHP Notice:  Undefined offset: 1 in /var/www/html/assets/php-lib/getID3Tags.php on line 7
[04-Sep-2016 22:16:28 Asia/Chongqing] PHP Warning:  Creating default object from empty value in /var/www/html/assets/php-lib/getID3Tags.php on line 20
[04-Sep-2016 22:16:28 Asia/Chongqing] PHP Notice:  Undefined offset: 1 in /var/www/html/assets/php-lib/getID3Tags.php on line 7
[04-Sep-2016 22:16:28 Asia/Chongqing] PHP Notice:  Undefined offset: 1 in /var/www/html/assets/php-lib/getID3Tags.php on line 7
[04-Sep-2016 22:16:28 Asia/Chongqing] PHP Notice:  Undefined offset: 1 in /var/www/html/assets/php-lib/getID3Tags.php on line 7
[04-Sep-2016 22:16:28 Asia/Chongqing] PHP Notice:  Undefined offset: 1 in /var/www/html/assets/php-lib/getID3Tags.php on line 7
[04-Sep-2016 22:16:28 Asia/Chongqing] PHP Notice:  Undefined offset: 1 in /var/www/html/assets/php-lib/getID3Tags.php on line 7
[04-Sep-2016 22:16:28 Asia/Chongqing] PHP Notice:  Undefined offset: 1 in /var/www/html/assets/php-lib/getID3Tags.php on line 7
[04-Sep-2016 22:16:28 Asia/Chongqing] PHP Notice:  Undefined property: stdClass::$cd in /var/www/html/assets/php-lib/phpID3.php on line 39
[04-Sep-2016 22:16:31 Asia/Chongqing] PHP Notice:  Undefined offset: 1 in /var/www/html/assets/php-lib/getID3Tags.php on line 7
[04-Sep-2016 22:16:31 Asia/Chongqing] PHP Warning:  Creating default object from empty value in /var/www/html/assets/php-lib/getID3Tags.php on line 20
[04-Sep-2016 22:16:31 Asia/Chongqing] PHP Notice:  Undefined offset: 1 in /var/www/html/assets/php-lib/getID3Tags.php on line 7
[04-Sep-2016 22:16:31 Asia/Chongqing] PHP Notice:  Undefined offset: 1 in /var/www/html/assets/php-lib/getID3Tags.php on line 7
[04-Sep-2016 22:16:31 Asia/Chongqing] PHP Notice:  Undefined offset: 1 in /var/www/html/assets/php-lib/getID3Tags.php on line 7
[04-Sep-2016 22:16:31 Asia/Chongqing] PHP Notice:  Undefined offset: 1 in /var/www/html/assets/php-lib/getID3Tags.php on line 7
[04-Sep-2016 22:16:31 Asia/Chongqing] PHP Notice:  Undefined offset: 1 in /var/www/html/assets/php-lib/getID3Tags.php on line 7
[04-Sep-2016 22:16:31 Asia/Chongqing] PHP Notice:  Undefined offset: 1 in /var/www/html/assets/php-lib/getID3Tags.php on line 7
[04-Sep-2016 22:16:31 Asia/Chongqing] PHP Notice:  Undefined property: stdClass::$cd in /var/www/html/assets/php-lib/phpID3.php on line 39
[04-Sep-2016 22:16:34 Asia/Chongqing] PHP Notice:  Undefined offset: 1 in /var/www/html/assets/php-lib/getID3Tags.php on line 7
[04-Sep-2016 22:16:34 Asia/Chongqing] PHP Warning:  Creating default object from empty value in /var/www/html/assets/php-lib/getID3Tags.php on line 20
[04-Sep-2016 22:16:34 Asia/Chongqing] PHP Notice:  Undefined offset: 1 in /var/www/html/assets/php-lib/getID3Tags.php on line 7
[04-Sep-2016 22:16:34 Asia/Chongqing] PHP Notice:  Undefined offset: 1 in /var/www/html/assets/php-lib/getID3Tags.php on line 7
[04-Sep-2016 22:16:34 Asia/Chongqing] PHP Notice:  Undefined offset: 1 in /var/www/html/assets/php-lib/getID3Tags.php on line 7
[04-Sep-2016 22:16:34 Asia/Chongqing] PHP Notice:  Undefined offset: 1 in /var/www/html/assets/php-lib/getID3Tags.php on line 7
[04-Sep-2016 22:16:34 Asia/Chongqing] PHP Notice:  Undefined offset: 1 in /var/www/html/assets/php-lib/getID3Tags.php on line 7
[04-Sep-2016 22:16:34 Asia/Chongqing] PHP Notice:  Undefined offset: 1 in /var/www/html/assets/php-lib/getID3Tags.php on line 7
[04-Sep-2016 22:16:34 Asia/Chongqing] PHP Notice:  Undefined property: stdClass::$cd in /var/www/html/assets/php-lib/phpID3.php on line 39
[04-Sep-2016 22:16:40 Asia/Chongqing] PHP Notice:  Undefined offset: 1 in /var/www/html/assets/php-lib/getID3Tags.php on line 7
[04-Sep-2016 22:16:40 Asia/Chongqing] PHP Warning:  Creating default object from empty value in /var/www/html/assets/php-lib/getID3Tags.php on line 20
[04-Sep-2016 22:16:40 Asia/Chongqing] PHP Notice:  Undefined offset: 1 in /var/www/html/assets/php-lib/getID3Tags.php on line 7
[04-Sep-2016 22:16:40 Asia/Chongqing] PHP Notice:  Undefined offset: 1 in /var/www/html/assets/php-lib/getID3Tags.php on line 7
[04-Sep-2016 22:16:40 Asia/Chongqing] PHP Notice:  Undefined offset: 1 in /var/www/html/assets/php-lib/getID3Tags.php on line 7
[04-Sep-2016 22:16:40 Asia/Chongqing] PHP Notice:  Undefined offset: 1 in /var/www/html/assets/php-lib/getID3Tags.php on line 7
[04-Sep-2016 22:16:40 Asia/Chongqing] PHP Notice:  Undefined offset: 1 in /var/www/html/assets/php-lib/getID3Tags.php on line 7
[04-Sep-2016 22:16:40 Asia/Chongqing] PHP Notice:  Undefined offset: 1 in /var/www/html/assets/php-lib/getID3Tags.php on line 7
[04-Sep-2016 22:16:40 Asia/Chongqing] PHP Notice:  Undefined property: stdClass::$cd in /var/www/html/assets/php-lib/phpID3.php on line 39
[04-Sep-2016 22:16:43 Asia/Chongqing] PHP Notice:  Undefined offset: 1 in /var/www/html/assets/php-lib/getID3Tags.php on line 7
[04-Sep-2016 22:16:43 Asia/Chongqing] PHP Warning:  Creating default object from empty value in /var/www/html/assets/php-lib/getID3Tags.php on line 20
[04-Sep-2016 22:16:43 Asia/Chongqing] PHP Notice:  Undefined offset: 1 in /var/www/html/assets/php-lib/getID3Tags.php on line 7
[04-Sep-2016 22:16:43 Asia/Chongqing] PHP Notice:  Undefined offset: 1 in /var/www/html/assets/php-lib/getID3Tags.php on line 7
[04-Sep-2016 22:16:43 Asia/Chongqing] PHP Notice:  Undefined offset: 1 in /var/www/html/assets/php-lib/getID3Tags.php on line 7
[04-Sep-2016 22:16:43 Asia/Chongqing] PHP Notice:  Undefined offset: 1 in /var/www/html/assets/php-lib/getID3Tags.php on line 7
[04-Sep-2016 22:16:43 Asia/Chongqing] PHP Notice:  Undefined offset: 1 in /var/www/html/assets/php-lib/getID3Tags.php on line 7
[04-Sep-2016 22:16:43 Asia/Chongqing] PHP Notice:  Undefined offset: 1 in /var/www/html/assets/php-lib/getID3Tags.php on line 7
[04-Sep-2016 22:16:43 Asia/Chongqing] PHP Notice:  Undefined property: stdClass::$cd in /var/www/html/assets/php-lib/phpID3.php on line 39
[04-Sep-2016 22:16:46 Asia/Chongqing] PHP Notice:  Undefined offset: 1 in /var/www/html/assets/php-lib/getID3Tags.php on line 7
[04-Sep-2016 22:16:46 Asia/Chongqing] PHP Warning:  Creating default object from empty value in /var/www/html/assets/php-lib/getID3Tags.php on line 20
[04-Sep-2016 22:16:46 Asia/Chongqing] PHP Notice:  Undefined offset: 1 in /var/www/html/assets/php-lib/getID3Tags.php on line 7
[04-Sep-2016 22:16:46 Asia/Chongqing] PHP Notice:  Undefined offset: 1 in /var/www/html/assets/php-lib/getID3Tags.php on line 7
[04-Sep-2016 22:16:46 Asia/Chongqing] PHP Notice:  Undefined offset: 1 in /var/www/html/assets/php-lib/getID3Tags.php on line 7
[04-Sep-2016 22:16:46 Asia/Chongqing] PHP Notice:  Undefined offset: 1 in /var/www/html/assets/php-lib/getID3Tags.php on line 7
[04-Sep-2016 22:16:46 Asia/Chongqing] PHP Notice:  Undefined offset: 1 in /var/www/html/assets/php-lib/getID3Tags.php on line 7
[04-Sep-2016 22:16:46 Asia/Chongqing] PHP Notice:  Undefined offset: 1 in /var/www/html/assets/php-lib/getID3Tags.php on line 7
[04-Sep-2016 22:16:46 Asia/Chongqing] PHP Notice:  Undefined property: stdClass::$cd in /var/www/html/assets/php-lib/phpID3.php on line 39
[04-Sep-2016 22:16:50 Asia/Chongqing] PHP Notice:  Undefined offset: 1 in /var/www/html/assets/php-lib/getID3Tags.php on line 7
[04-Sep-2016 22:16:50 Asia/Chongqing] PHP Warning:  Creating default object from empty value in /var/www/html/assets/php-lib/getID3Tags.php on line 20
[04-Sep-2016 22:16:50 Asia/Chongqing] PHP Notice:  Undefined offset: 1 in /var/www/html/assets/php-lib/getID3Tags.php on line 7
[04-Sep-2016 22:16:50 Asia/Chongqing] PHP Notice:  Undefined offset: 1 in /var/www/html/assets/php-lib/getID3Tags.php on line 7
[04-Sep-2016 22:16:50 Asia/Chongqing] PHP Notice:  Undefined offset: 1 in /var/www/html/assets/php-lib/getID3Tags.php on line 7
[04-Sep-2016 22:16:50 Asia/Chongqing] PHP Notice:  Undefined offset: 1 in /var/www/html/assets/php-lib/getID3Tags.php on line 7
[04-Sep-2016 22:16:50 Asia/Chongqing] PHP Notice:  Undefined offset: 1 in /var/www/html/assets/php-lib/getID3Tags.php on line 7
[04-Sep-2016 22:16:50 Asia/Chongqing] PHP Notice:  Undefined offset: 1 in /var/www/html/assets/php-lib/getID3Tags.php on line 7
[04-Sep-2016 22:16:50 Asia/Chongqing] PHP Notice:  Undefined property: stdClass::$cd in /var/www/html/assets/php-lib/phpID3.php on line 39
[04-Sep-2016 22:16:53 Asia/Chongqing] PHP Notice:  Undefined offset: 1 in /var/www/html/assets/php-lib/getID3Tags.php on line 7
[04-Sep-2016 22:16:53 Asia/Chongqing] PHP Warning:  Creating default object from empty value in /var/www/html/assets/php-lib/getID3Tags.php on line 20
[04-Sep-2016 22:16:53 Asia/Chongqing] PHP Notice:  Undefined offset: 1 in /var/www/html/assets/php-lib/getID3Tags.php on line 7
[04-Sep-2016 22:16:53 Asia/Chongqing] PHP Notice:  Undefined offset: 1 in /var/www/html/assets/php-lib/getID3Tags.php on line 7
[04-Sep-2016 22:16:53 Asia/Chongqing] PHP Notice:  Undefined offset: 1 in /var/www/html/assets/php-lib/getID3Tags.php on line 7
[04-Sep-2016 22:16:53 Asia/Chongqing] PHP Notice:  Undefined offset: 1 in /var/www/html/assets/php-lib/getID3Tags.php on line 7
[04-Sep-2016 22:16:53 Asia/Chongqing] PHP Notice:  Undefined offset: 1 in /var/www/html/assets/php-lib/getID3Tags.php on line 7
[04-Sep-2016 22:16:53 Asia/Chongqing] PHP Notice:  Undefined offset: 1 in /var/www/html/assets/php-lib/getID3Tags.php on line 7
[04-Sep-2016 22:16:53 Asia/Chongqing] PHP Notice:  Undefined property: stdClass::$cd in /var/www/html/assets/php-lib/phpID3.php on line 39
[04-Sep-2016 22:16:56 Asia/Chongqing] PHP Notice:  Undefined offset: 1 in /var/www/html/assets/php-lib/getID3Tags.php on line 7
[04-Sep-2016 22:16:56 Asia/Chongqing] PHP Warning:  Creating default object from empty value in /var/www/html/assets/php-lib/getID3Tags.php on line 20
[04-Sep-2016 22:16:56 Asia/Chongqing] PHP Notice:  Undefined offset: 1 in /var/www/html/assets/php-lib/getID3Tags.php on line 7
[04-Sep-2016 22:16:56 Asia/Chongqing] PHP Notice:  Undefined offset: 1 in /var/www/html/assets/php-lib/getID3Tags.php on line 7
[04-Sep-2016 22:16:56 Asia/Chongqing] PHP Notice:  Undefined offset: 1 in /var/www/html/assets/php-lib/getID3Tags.php on line 7
[04-Sep-2016 22:16:56 Asia/Chongqing] PHP Notice:  Undefined offset: 1 in /var/www/html/assets/php-lib/getID3Tags.php on line 7
[04-Sep-2016 22:16:56 Asia/Chongqing] PHP Notice:  Undefined offset: 1 in /var/www/html/assets/php-lib/getID3Tags.php on line 7
[04-Sep-2016 22:16:56 Asia/Chongqing] PHP Notice:  Undefined offset: 1 in /var/www/html/assets/php-lib/getID3Tags.php on line 7
[04-Sep-2016 22:16:56 Asia/Chongqing] PHP Notice:  Undefined property: stdClass::$cd in /var/www/html/assets/php-lib/phpID3.php on line 39
[04-Sep-2016 22:17:01 Asia/Chongqing] PHP Notice:  Undefined offset: 1 in /var/www/html/assets/php-lib/getID3Tags.php on line 7
[04-Sep-2016 22:17:01 Asia/Chongqing] PHP Warning:  Creating default object from empty value in /var/www/html/assets/php-lib/getID3Tags.php on line 20
[04-Sep-2016 22:17:01 Asia/Chongqing] PHP Notice:  Undefined offset: 1 in /var/www/html/assets/php-lib/getID3Tags.php on line 7
[04-Sep-2016 22:17:01 Asia/Chongqing] PHP Notice:  Undefined offset: 1 in /var/www/html/assets/php-lib/getID3Tags.php on line 7
[04-Sep-2016 22:17:01 Asia/Chongqing] PHP Notice:  Undefined offset: 1 in /var/www/html/assets/php-lib/getID3Tags.php on line 7
[04-Sep-2016 22:17:01 Asia/Chongqing] PHP Notice:  Undefined offset: 1 in /var/www/html/assets/php-lib/getID3Tags.php on line 7
[04-Sep-2016 22:17:01 Asia/Chongqing] PHP Notice:  Undefined offset: 1 in /var/www/html/assets/php-lib/getID3Tags.php on line 7
[04-Sep-2016 22:17:01 Asia/Chongqing] PHP Notice:  Undefined offset: 1 in /var/www/html/assets/php-lib/getID3Tags.php on line 7
[04-Sep-2016 22:17:01 Asia/Chongqing] PHP Notice:  Undefined property: stdClass::$cd in /var/www/html/assets/php-lib/phpID3.php on line 39
[04-Sep-2016 22:17:04 Asia/Chongqing] PHP Notice:  Undefined offset: 1 in /var/www/html/assets/php-lib/getID3Tags.php on line 7
[04-Sep-2016 22:17:04 Asia/Chongqing] PHP Warning:  Creating default object from empty value in /var/www/html/assets/php-lib/getID3Tags.php on line 20
[04-Sep-2016 22:17:04 Asia/Chongqing] PHP Notice:  Undefined offset: 1 in /var/www/html/assets/php-lib/getID3Tags.php on line 7
[04-Sep-2016 22:17:04 Asia/Chongqing] PHP Notice:  Undefined offset: 1 in /var/www/html/assets/php-lib/getID3Tags.php on line 7
[04-Sep-2016 22:17:04 Asia/Chongqing] PHP Notice:  Undefined offset: 1 in /var/www/html/assets/php-lib/getID3Tags.php on line 7
[04-Sep-2016 22:17:04 Asia/Chongqing] PHP Notice:  Undefined offset: 1 in /var/www/html/assets/php-lib/getID3Tags.php on line 7
[04-Sep-2016 22:17:04 Asia/Chongqing] PHP Notice:  Undefined offset: 1 in /var/www/html/assets/php-lib/getID3Tags.php on line 7
[04-Sep-2016 22:17:04 Asia/Chongqing] PHP Notice:  Undefined offset: 1 in /var/www/html/assets/php-lib/getID3Tags.php on line 7
[04-Sep-2016 22:17:04 Asia/Chongqing] PHP Notice:  Undefined property: stdClass::$cd in /var/www/html/assets/php-lib/phpID3.php on line 39
[04-Sep-2016 22:17:21 Asia/Chongqing] PHP Notice:  Undefined index:  in /var/www/html/assets/php/add_cover.php on line 18
[04-Sep-2016 22:17:21 Asia/Chongqing] PHP Notice:  getimagesize(): Read error! in /var/www/html/assets/php-lib/jpgconverter.php on line 6
[04-Sep-2016 22:17:21 Asia/Chongqing] PHP Notice:  getimagesize(): Read error! in /var/www/html/assets/php-lib/jpgconverter.php on line 6
[04-Sep-2016 22:17:22 Asia/Chongqing] PHP Notice:  Undefined variable: picked_cover in /var/www/html/assets/php/add_album_finalize.php on line 41
[04-Sep-2016 22:17:22 Asia/Chongqing] PHP Warning:  session_destroy(): Trying to destroy uninitialized session in /var/www/html/assets/php/add_album_finalize.php on line 47
